<?xml version="1.0" encoding="UTF-8"?>
<testng-results ignored="0" total="7" passed="5" failed="1" skipped="1">
  <reporter-output>
  </reporter-output>
  <suite started-at="2023-09-17T00:33:55 GMT-04:00" name="Suite" finished-at="2023-09-17T00:34:38 GMT-04:00" duration-ms="42935">
    <groups>
    </groups>
    <test started-at="2023-09-17T00:33:55 GMT-04:00" name="Test" finished-at="2023-09-17T00:34:38 GMT-04:00" duration-ms="42935">
      <class name="com.qa.tutorialsninja.TestCases.SearchProductTest">
        <test-method is-config="true" signature="searchProductSetup()[pri:0, instance:com.qa.tutorialsninja.TestCases.SearchProductTest@49ec71f8]" started-at="2023-09-17T00:34:25 GMT-04:00" name="searchProductSetup" finished-at="2023-09-17T00:34:30 GMT-04:00" duration-ms="4351" status="PASS">
          <reporter-output>
          </reporter-output>
        </test-method> <!-- searchProductSetup -->
        <test-method signature="verifySearchWithValidProduct()[pri:1, instance:com.qa.tutorialsninja.TestCases.SearchProductTest@49ec71f8]" started-at="2023-09-17T00:34:30 GMT-04:00" name="verifySearchWithValidProduct" finished-at="2023-09-17T00:34:31 GMT-04:00" duration-ms="1452" status="PASS">
          <reporter-output>
          </reporter-output>
        </test-method> <!-- verifySearchWithValidProduct -->
        <test-method is-config="true" signature="tearDown()[pri:0, instance:com.qa.tutorialsninja.TestCases.SearchProductTest@49ec71f8]" started-at="2023-09-17T00:34:31 GMT-04:00" name="tearDown" finished-at="2023-09-17T00:34:31 GMT-04:00" duration-ms="99" status="PASS">
          <reporter-output>
          </reporter-output>
        </test-method> <!-- tearDown -->
        <test-method is-config="true" signature="searchProductSetup()[pri:0, instance:com.qa.tutorialsninja.TestCases.SearchProductTest@49ec71f8]" started-at="2023-09-17T00:34:31 GMT-04:00" name="searchProductSetup" finished-at="2023-09-17T00:34:36 GMT-04:00" duration-ms="4304" status="PASS">
          <reporter-output>
          </reporter-output>
        </test-method> <!-- searchProductSetup -->
        <test-method signature="verifySearchWithInvalidProduct()[pri:2, instance:com.qa.tutorialsninja.TestCases.SearchProductTest@49ec71f8]" started-at="2023-09-17T00:34:36 GMT-04:00" name="verifySearchWithInvalidProduct" finished-at="2023-09-17T00:34:37 GMT-04:00" duration-ms="1616" status="FAIL">
          <exception class="java.lang.AssertionError">
            <message>
              <![CDATA[Deliberately failing to check for Listeners]]>
            </message>
            <full-stacktrace>
              <![CDATA[java.lang.AssertionError: Deliberately failing to check for Listeners
at org.testng.Assert.fail(Assert.java:111)
at com.qa.tutorialsninja.TestCases.SearchProductTest.verifySearchWithInvalidProduct(SearchProductTest.java:40)
at java.base/jdk.internal.reflect.NativeMethodAccessorImpl.invoke0(Native Method)
at java.base/jdk.internal.reflect.NativeMethodAccessorImpl.invoke(NativeMethodAccessorImpl.java:77)
at java.base/jdk.internal.reflect.DelegatingMethodAccessorImpl.invoke(DelegatingMethodAccessorImpl.java:43)
at java.base/java.lang.reflect.Method.invoke(Method.java:568)
at org.testng.internal.invokers.MethodInvocationHelper.invokeMethod(MethodInvocationHelper.java:139)
at org.testng.internal.invokers.TestInvoker.invokeMethod(TestInvoker.java:664)
at org.testng.internal.invokers.TestInvoker.invokeTestMethod(TestInvoker.java:227)
at org.testng.internal.invokers.MethodRunner.runInSequence(MethodRunner.java:50)
at org.testng.internal.invokers.TestInvoker$MethodInvocationAgent.invoke(TestInvoker.java:957)
at org.testng.internal.invokers.TestInvoker.invokeTestMethods(TestInvoker.java:200)
at org.testng.internal.invokers.TestMethodWorker.invokeTestMethods(TestMethodWorker.java:148)
at org.testng.internal.invokers.TestMethodWorker.run(TestMethodWorker.java:128)
at java.base/java.util.ArrayList.forEach(ArrayList.java:1511)
at org.testng.TestRunner.privateRun(TestRunner.java:848)
at org.testng.TestRunner.run(TestRunner.java:621)
at org.testng.SuiteRunner.runTest(SuiteRunner.java:443)
at org.testng.SuiteRunner.runSequentially(SuiteRunner.java:437)
at org.testng.SuiteRunner.privateRun(SuiteRunner.java:397)
at org.testng.SuiteRunner.run(SuiteRunner.java:336)
at org.testng.SuiteRunnerWorker.runSuite(SuiteRunnerWorker.java:52)
at org.testng.SuiteRunnerWorker.run(SuiteRunnerWorker.java:95)
at org.testng.TestNG.runSuitesSequentially(TestNG.java:1280)
at org.testng.TestNG.runSuitesLocally(TestNG.java:1200)
at org.testng.TestNG.runSuites(TestNG.java:1114)
at org.testng.TestNG.run(TestNG.java:1082)
at org.apache.maven.surefire.testng.TestNGExecutor.run(TestNGExecutor.java:308)
at org.apache.maven.surefire.testng.TestNGXmlTestSuite.execute(TestNGXmlTestSuite.java:71)
at org.apache.maven.surefire.testng.TestNGProvider.invoke(TestNGProvider.java:113)
at org.apache.maven.surefire.booter.ForkedBooter.runSuitesInProcess(ForkedBooter.java:385)
at org.apache.maven.surefire.booter.ForkedBooter.execute(ForkedBooter.java:162)
at org.apache.maven.surefire.booter.ForkedBooter.run(ForkedBooter.java:507)
at org.apache.maven.surefire.booter.ForkedBooter.main(ForkedBooter.java:495)
]]>
            </full-stacktrace>
          </exception> <!-- java.lang.AssertionError -->
          <reporter-output>
          </reporter-output>
        </test-method> <!-- verifySearchWithInvalidProduct -->
        <test-method is-config="true" signature="tearDown()[pri:0, instance:com.qa.tutorialsninja.TestCases.SearchProductTest@49ec71f8]" started-at="2023-09-17T00:34:38 GMT-04:00" name="tearDown" finished-at="2023-09-17T00:34:38 GMT-04:00" duration-ms="92" status="PASS">
          <reporter-output>
          </reporter-output>
        </test-method> <!-- tearDown -->
        <test-method signature="verifySearchWithNoProduct()[pri:3, instance:com.qa.tutorialsninja.TestCases.SearchProductTest@49ec71f8]" started-at="2023-09-17T00:34:38 GMT-04:00" name="verifySearchWithNoProduct" finished-at="2023-09-17T00:34:38 GMT-04:00" depends-on-methods="com.qa.tutorialsninja.TestCases.SearchProductTest.verifySearchWithInvalidProduct" duration-ms="0" status="SKIP">
          <exception class="java.lang.Throwable">
            <message>
              <![CDATA[Method com.qa.tutorialsninja.TestCases.SearchProductTest.verifySearchWithNoProduct() on instance com.qa.tutorialsninja.TestCases.SearchProductTest@49ec71f8 depends on not successfully finished methods 
[com.qa.tutorialsninja.TestCases.SearchProductTest.verifySearchWithInvalidProduct() on instance com.qa.tutorialsninja.TestCases.SearchProductTest@49ec71f8]]]>
            </message>
            <full-stacktrace>
              <![CDATA[java.lang.Throwable: Method com.qa.tutorialsninja.TestCases.SearchProductTest.verifySearchWithNoProduct() on instance com.qa.tutorialsninja.TestCases.SearchProductTest@49ec71f8 depends on not successfully finished methods 
[com.qa.tutorialsninja.TestCases.SearchProductTest.verifySearchWithInvalidProduct() on instance com.qa.tutorialsninja.TestCases.SearchProductTest@49ec71f8]
at org.testng.internal.invokers.TestInvoker.invokeTestMethods(TestInvoker.java:156)
at org.testng.internal.invokers.TestMethodWorker.invokeTestMethods(TestMethodWorker.java:148)
at org.testng.internal.invokers.TestMethodWorker.run(TestMethodWorker.java:128)
at java.base/java.util.ArrayList.forEach(ArrayList.java:1511)
at org.testng.TestRunner.privateRun(TestRunner.java:848)
at org.testng.TestRunner.run(TestRunner.java:621)
at org.testng.SuiteRunner.runTest(SuiteRunner.java:443)
at org.testng.SuiteRunner.runSequentially(SuiteRunner.java:437)
at org.testng.SuiteRunner.privateRun(SuiteRunner.java:397)
at org.testng.SuiteRunner.run(SuiteRunner.java:336)
at org.testng.SuiteRunnerWorker.runSuite(SuiteRunnerWorker.java:52)
at org.testng.SuiteRunnerWorker.run(SuiteRunnerWorker.java:95)
at org.testng.TestNG.runSuitesSequentially(TestNG.java:1280)
at org.testng.TestNG.runSuitesLocally(TestNG.java:1200)
at org.testng.TestNG.runSuites(TestNG.java:1114)
at org.testng.TestNG.run(TestNG.java:1082)
at org.apache.maven.surefire.testng.TestNGExecutor.run(TestNGExecutor.java:308)
at org.apache.maven.surefire.testng.TestNGXmlTestSuite.execute(TestNGXmlTestSuite.java:71)
at org.apache.maven.surefire.testng.TestNGProvider.invoke(TestNGProvider.java:113)
at org.apache.maven.surefire.booter.ForkedBooter.runSuitesInProcess(ForkedBooter.java:385)
at org.apache.maven.surefire.booter.ForkedBooter.execute(ForkedBooter.java:162)
at org.apache.maven.surefire.booter.ForkedBooter.run(ForkedBooter.java:507)
at org.apache.maven.surefire.booter.ForkedBooter.main(ForkedBooter.java:495)
]]>
            </full-stacktrace>
          </exception> <!-- java.lang.Throwable -->
          <reporter-output>
          </reporter-output>
        </test-method> <!-- verifySearchWithNoProduct -->
      </class> <!-- com.qa.tutorialsninja.TestCases.SearchProductTest -->
      <class name="com.qa.tutorialsninja.TestCases.LoginTest">
        <test-method is-config="true" signature="loginSetup()[pri:0, instance:com.qa.tutorialsninja.TestCases.LoginTest@4567f35d]" started-at="2023-09-17T00:33:55 GMT-04:00" name="loginSetup" finished-at="2023-09-17T00:34:04 GMT-04:00" duration-ms="8357" status="PASS">
          <reporter-output>
          </reporter-output>
        </test-method> <!-- loginSetup -->
        <test-method signature="verifyLoginWithValidEmailInvalidPassword()[pri:2, instance:com.qa.tutorialsninja.TestCases.LoginTest@4567f35d]" started-at="2023-09-17T00:34:04 GMT-04:00" name="verifyLoginWithValidEmailInvalidPassword" finished-at="2023-09-17T00:34:04 GMT-04:00" duration-ms="793" status="PASS">
          <reporter-output>
          </reporter-output>
        </test-method> <!-- verifyLoginWithValidEmailInvalidPassword -->
        <test-method is-config="true" signature="tearDown()[pri:0, instance:com.qa.tutorialsninja.TestCases.LoginTest@4567f35d]" started-at="2023-09-17T00:34:04 GMT-04:00" name="tearDown" finished-at="2023-09-17T00:34:05 GMT-04:00" duration-ms="209" status="PASS">
          <reporter-output>
          </reporter-output>
        </test-method> <!-- tearDown -->
        <test-method is-config="true" signature="loginSetup()[pri:0, instance:com.qa.tutorialsninja.TestCases.LoginTest@4567f35d]" started-at="2023-09-17T00:34:05 GMT-04:00" name="loginSetup" finished-at="2023-09-17T00:34:10 GMT-04:00" duration-ms="5743" status="PASS">
          <reporter-output>
          </reporter-output>
        </test-method> <!-- loginSetup -->
        <test-method signature="verifyLoginWithInvalidEmailValidPassword()[pri:3, instance:com.qa.tutorialsninja.TestCases.LoginTest@4567f35d]" started-at="2023-09-17T00:34:10 GMT-04:00" name="verifyLoginWithInvalidEmailValidPassword" finished-at="2023-09-17T00:34:11 GMT-04:00" duration-ms="729" status="PASS">
          <reporter-output>
          </reporter-output>
        </test-method> <!-- verifyLoginWithInvalidEmailValidPassword -->
        <test-method is-config="true" signature="tearDown()[pri:0, instance:com.qa.tutorialsninja.TestCases.LoginTest@4567f35d]" started-at="2023-09-17T00:34:11 GMT-04:00" name="tearDown" finished-at="2023-09-17T00:34:11 GMT-04:00" duration-ms="193" status="PASS">
          <reporter-output>
          </reporter-output>
        </test-method> <!-- tearDown -->
        <test-method is-config="true" signature="loginSetup()[pri:0, instance:com.qa.tutorialsninja.TestCases.LoginTest@4567f35d]" started-at="2023-09-17T00:34:11 GMT-04:00" name="loginSetup" finished-at="2023-09-17T00:34:18 GMT-04:00" duration-ms="7040" status="PASS">
          <reporter-output>
          </reporter-output>
        </test-method> <!-- loginSetup -->
        <test-method signature="verifyLoginWithInvalidCredentials()[pri:4, instance:com.qa.tutorialsninja.TestCases.LoginTest@4567f35d]" started-at="2023-09-17T00:34:18 GMT-04:00" name="verifyLoginWithInvalidCredentials" finished-at="2023-09-17T00:34:19 GMT-04:00" duration-ms="791" status="PASS">
          <reporter-output>
          </reporter-output>
        </test-method> <!-- verifyLoginWithInvalidCredentials -->
        <test-method is-config="true" signature="tearDown()[pri:0, instance:com.qa.tutorialsninja.TestCases.LoginTest@4567f35d]" started-at="2023-09-17T00:34:19 GMT-04:00" name="tearDown" finished-at="2023-09-17T00:34:19 GMT-04:00" duration-ms="181" status="PASS">
          <reporter-output>
          </reporter-output>
        </test-method> <!-- tearDown -->
        <test-method is-config="true" signature="loginSetup()[pri:0, instance:com.qa.tutorialsninja.TestCases.LoginTest@4567f35d]" started-at="2023-09-17T00:34:19 GMT-04:00" name="loginSetup" finished-at="2023-09-17T00:34:25 GMT-04:00" duration-ms="5539" status="PASS">
          <reporter-output>
          </reporter-output>
        </test-method> <!-- loginSetup -->
        <test-method signature="verifyLoginWithNoCredentials()[pri:5, instance:com.qa.tutorialsninja.TestCases.LoginTest@4567f35d]" started-at="2023-09-17T00:34:25 GMT-04:00" name="verifyLoginWithNoCredentials" finished-at="2023-09-17T00:34:25 GMT-04:00" duration-ms="438" status="PASS">
          <reporter-output>
          </reporter-output>
        </test-method> <!-- verifyLoginWithNoCredentials -->
        <test-method is-config="true" signature="tearDown()[pri:0, instance:com.qa.tutorialsninja.TestCases.LoginTest@4567f35d]" started-at="2023-09-17T00:34:25 GMT-04:00" name="tearDown" finished-at="2023-09-17T00:34:25 GMT-04:00" duration-ms="124" status="PASS">
          <reporter-output>
          </reporter-output>
        </test-method> <!-- tearDown -->
      </class> <!-- com.qa.tutorialsninja.TestCases.LoginTest -->
    </test> <!-- Test -->
  </suite> <!-- Suite -->
</testng-results>
